<?xml version="1.0" encoding="UTF-8"?>
<testng-results skipped="0" failed="0" ignored="0" total="2" passed="2">
  <reporter-output>
  </reporter-output>
  <suite name="Suite" duration-ms="99786" started-at="2019-04-19T05:55:39Z" finished-at="2019-04-19T05:57:19Z">
    <groups>
    </groups>
    <test name="Test" duration-ms="99786" started-at="2019-04-19T05:55:39Z" finished-at="2019-04-19T05:57:19Z">
      <class name="testcases.TC101_Login">
        <test-method status="PASS" signature="setData()[pri:0, instance:testcases.TC101_Login@153f17c]" name="setData" is-config="true" duration-ms="15" started-at="2019-04-19T05:55:40Z" finished-at="2019-04-19T05:55:40Z">
          <reporter-output>
          </reporter-output>
        </test-method> <!-- setData -->
        <test-method status="PASS" signature="startApp()[pri:0, instance:testcases.TC101_Login@153f17c]" name="startApp" is-config="true" duration-ms="3876" started-at="2019-04-19T05:55:40Z" finished-at="2019-04-19T05:55:44Z">
          <reporter-output>
          </reporter-output>
        </test-method> <!-- startApp -->
        <test-method status="PASS" signature="logIn(java.lang.String, java.lang.String, java.lang.String)[pri:0, instance:testcases.TC101_Login@153f17c]" name="logIn" duration-ms="43204" started-at="2019-04-19T05:55:44Z" data-provider="fetchData" finished-at="2019-04-19T05:56:27Z">
          <params>
            <param index="0">
              <value>
                <![CDATA[DemoSalesManager]]>
              </value>
            </param>
            <param index="1">
              <value>
                <![CDATA[crmsfa]]>
              </value>
            </param>
            <param index="2">
              <value>
                <![CDATA[preethisamy.95@gmail.com]]>
              </value>
            </param>
          </params>
          <reporter-output>
          </reporter-output>
        </test-method> <!-- logIn -->
        <test-method status="PASS" signature="closeApp()[pri:0, instance:testcases.TC101_Login@153f17c]" name="closeApp" is-config="true" duration-ms="2392" started-at="2019-04-19T05:56:27Z" finished-at="2019-04-19T05:56:30Z">
          <reporter-output>
          </reporter-output>
        </test-method> <!-- closeApp -->
        <test-method status="PASS" signature="startApp()[pri:0, instance:testcases.TC101_Login@153f17c]" name="startApp" is-config="true" duration-ms="3177" started-at="2019-04-19T05:56:30Z" finished-at="2019-04-19T05:56:33Z">
          <reporter-output>
          </reporter-output>
        </test-method> <!-- startApp -->
        <test-method status="PASS" signature="logIn(java.lang.String, java.lang.String, java.lang.String)[pri:0, instance:testcases.TC101_Login@153f17c]" name="logIn" duration-ms="43847" started-at="2019-04-19T05:56:33Z" data-provider="fetchData" finished-at="2019-04-19T05:57:17Z">
          <params>
            <param index="0">
              <value>
                <![CDATA[DemoCSR]]>
              </value>
            </param>
            <param index="1">
              <value>
                <![CDATA[crmsfa]]>
              </value>
            </param>
            <param index="2">
              <value>
                <![CDATA[preethisamy.95@gmail.com]]>
              </value>
            </param>
          </params>
          <reporter-output>
          </reporter-output>
        </test-method> <!-- logIn -->
        <test-method status="PASS" signature="closeApp()[pri:0, instance:testcases.TC101_Login@153f17c]" name="closeApp" is-config="true" duration-ms="2360" started-at="2019-04-19T05:57:17Z" finished-at="2019-04-19T05:57:19Z">
          <reporter-output>
          </reporter-output>
        </test-method> <!-- closeApp -->
      </class> <!-- testcases.TC101_Login -->
    </test> <!-- Test -->
  </suite> <!-- Suite -->
</testng-results>
